-------------------------------------------------------------------------------
Test set: br.roga.appStore.AppStoreApplicationTests
-------------------------------------------------------------------------------
Tests run: 1, Failures: 0, Errors: 1, Skipped: 0, Time elapsed: 4.14 s <<< FAILURE! - in br.roga.appStore.AppStoreApplicationTests
contextLoads  Time elapsed: 0.002 s  <<< ERROR!
java.lang.IllegalStateException: Failed to load ApplicationContext
Caused by: org.springframework.beans.factory.BeanCreationException: Error creating bean with name 'liquibase' defined in class path resource [org/springframework/boot/autoconfigure/liquibase/LiquibaseAutoConfiguration$LiquibaseConfiguration.class]: Invocation of init method failed; nested exception is liquibase.exception.DatabaseException: org.postgresql.util.PSQLException: A tentativa de conexão falhou.
Caused by: liquibase.exception.DatabaseException: org.postgresql.util.PSQLException: A tentativa de conexão falhou.
Caused by: org.postgresql.util.PSQLException: A tentativa de conexão falhou.
Caused by: java.net.UnknownHostException: pgsql

